<?xml version="1.0" encoding="UTF-8"?>
<testsuite name="SILab2Test" tests="2" skipped="0" failures="0" errors="0" timestamp="2022-05-20T02:58:56" hostname="DESKTOP-Q28US3S" time="0.148">
  <properties/>
  <testcase name="everyBranch()" classname="SILab2Test" time="0.145"/>
  <testcase name="everyStatement()" classname="SILab2Test" time="0.002"/>
  <system-out><![CDATA[]]></system-out>
  <system-err><![CDATA[]]></system-err>
</testsuite>
